Started on May 5, 2022, 3:56:00 AM
no previous build to compare to
ERROR: Failed to record SCM polling for org.jenkinsci.plugins.workflow.job.WorkflowJob@1610d642[Nginx]
java.nio.file.NoSuchFileException: /var/jenkins_home/war/WEB-INF/lib/jenkins-core-2.332.2.jar
	at java.base/sun.nio.fs.UnixException.translateToIOException(UnixException.java:92)
	at java.base/sun.nio.fs.UnixException.rethrowAsIOException(UnixException.java:111)
	at java.base/sun.nio.fs.UnixException.rethrowAsIOException(UnixException.java:116)
	at java.base/sun.nio.fs.UnixFileAttributeViews$Basic.readAttributes(UnixFileAttributeViews.java:55)
	at java.base/sun.nio.fs.UnixFileSystemProvider.readAttributes(UnixFileSystemProvider.java:149)
	at java.base/sun.nio.fs.LinuxFileSystemProvider.readAttributes(LinuxFileSystemProvider.java:99)
	at java.base/java.nio.file.Files.readAttributes(Files.java:1764)
	at java.base/java.util.zip.ZipFile$Source.get(ZipFile.java:1259)
	at java.base/java.util.zip.ZipFile$CleanableResource.<init>(ZipFile.java:831)
	at java.base/java.util.zip.ZipFile$CleanableResource$FinalizableResource.<init>(ZipFile.java:857)
	at java.base/java.util.zip.ZipFile$CleanableResource.get(ZipFile.java:846)
	at java.base/java.util.zip.ZipFile.<init>(ZipFile.java:248)
	at java.base/java.util.zip.ZipFile.<init>(ZipFile.java:177)
	at java.base/java.util.jar.JarFile.<init>(JarFile.java:350)
	at java.base/sun.net.www.protocol.jar.URLJarFile.<init>(URLJarFile.java:103)
	at java.base/sun.net.www.protocol.jar.URLJarFile.getJarFile(URLJarFile.java:72)
	at java.base/sun.net.www.protocol.jar.JarFileFactory.get(JarFileFactory.java:99)
	at java.base/sun.net.www.protocol.jar.JarURLConnection.connect(JarURLConnection.java:125)
	at java.base/sun.net.www.protocol.jar.JarURLConnection.getInputStream(JarURLConnection.java:155)
	at org.jvnet.localizer.ResourceBundleHolder.getFromProperties(ResourceBundleHolder.java:142)
Caused: java.util.MissingResourceException: Unable to load resource jar:file:/var/jenkins_home/war/WEB-INF/lib/jenkins-core-2.332.2.jar!/hudson/Messages.properties
	at org.jvnet.localizer.ResourceBundleHolder.getFromProperties(ResourceBundleHolder.java:147)
	at org.jvnet.localizer.ResourceBundleHolder.get(ResourceBundleHolder.java:111)
	at org.jvnet.localizer.ResourceBundleHolder.get(ResourceBundleHolder.java:123)
	at org.jvnet.localizer.ResourceBundleHolder.format(ResourceBundleHolder.java:214)
	at hudson.Messages.Util_millisecond(Messages.java:1313)
	at hudson.Util.getTimeSpanString(Util.java:765)
	at hudson.triggers.SCMTrigger$Runner.runPolling(SCMTrigger.java:617)
	at hudson.triggers.SCMTrigger$Runner.run(SCMTrigger.java:663)
	at hudson.util.SequentialExecutionQueue$QueueEntry.run(SequentialExecutionQueue.java:123)
	at java.base/java.util.concurrent.Executors$RunnableAdapter.call(Executors.java:515)
	at java.base/java.util.concurrent.FutureTask.run(FutureTask.java:264)
	at java.base/java.util.concurrent.ThreadPoolExecutor.runWorker(ThreadPoolExecutor.java:1128)
	at java.base/java.util.concurrent.ThreadPoolExecutor$Worker.run(ThreadPoolExecutor.java:628)
	at java.base/java.lang.Thread.run(Thread.java:829)
